    Checking x11rb v0.13.2
    Checking atspi-proxies v0.3.0
    Checking accesskit_atspi_common v0.9.0 (https://github.com/wash2/accesskit?tag=iced-xdg-surface-0.13-rc#c46afc04)
   Compiling smithay-client-toolkit v0.20.0
   Compiling generic-array v0.14.7
    Checking calloop-wayland-source v0.4.1
    Checking concurrent-queue v2.5.0
    Checking dnd v0.1.0 (https://github.com/pop-os/window_clipboard.git?tag=pop-0.13-2#6b9faab8)
   Compiling phf_macros v0.11.3
    Checking slotmap v1.1.1
    Checking phf_shared v0.11.3
    Checking xkbcommon v0.8.0
    Checking wayland-protocols-misc v0.3.10
    Checking wayland-protocols-experimental v20250721.0.1
    Checking roxmltree v0.20.0
    Checking atspi-connection v0.3.0
    Checking winit v0.30.5 (https://github.com/pop-os/winit.git?tag=iced-xdg-surface-0.13-rc#dd46a149)
    Checking tinyvec_macros v0.1.1
   Compiling palette v0.7.6
    Checking atspi v0.19.0
    Checking accesskit_unix v0.12.0 (https://github.com/wash2/accesskit?tag=iced-xdg-surface-0.13-rc#c46afc04)
   Compiling by_address v1.2.1
   Compiling winnow v0.7.14
   Compiling palette_derive v0.7.6
    Checking fontconfig-parser v0.5.8
    Checking tinyvec v1.10.0
    Checking clipboard_x11 v0.4.2 (https://github.com/pop-os/window_clipboard.git?tag=pop-0.13-2#6b9faab8)
    Checking phf v0.11.3
    Checking clipboard_wayland v0.2.2 (https://github.com/pop-os/window_clipboard.git?tag=pop-0.13-2#6b9faab8)
   Compiling rustversion v1.0.22
    Checking cosmic-protocols v0.1.0 (https://github.com/pop-os/cosmic-protocols?rev=d0e95be#d0e95be2)
    Checking approx v0.5.1
    Checking fast-srgb8 v1.0.0
    Checking accesskit_winit v0.22.0 (https://github.com/wash2/accesskit?tag=iced-xdg-surface-0.13-rc#c46afc04)
    Checking iced_accessibility v0.1.0 (https://github.com/pop-os/libcosmic.git#dc3c194f)
    Checking window_clipboard v0.4.1 (https://github.com/pop-os/window_clipboard.git?tag=pop-0.13-2#6b9faab8)
   Compiling toml_parser v1.0.9+spec-1.1.0
   Compiling crypto-common v0.1.7
   Compiling block-buffer v0.10.4
    Checking futures-executor v0.3.32
    Checking font-types v0.11.0
    Checking font-types v0.10.1
    Checking web-time v1.1.0
    Checking equivalent v1.0.2
    Checking cosmic-client-toolkit v0.1.0 (https://github.com/pop-os/cosmic-protocols?rev=d0e95be#d0e95be2)
    Checking rustc-hash v1.1.0
    Checking unicode-script v0.5.8
   Compiling toml_datetime v0.7.5+spec-1.1.0
   Compiling libc v0.2.180
    Checking glam v0.25.0
    Checking hashbrown v0.16.1
   Compiling toml_edit v0.23.10+spec-1.0.0
    Checking indexmap v2.13.0
    Checking read-fonts v0.35.0
    Checking read-fonts v0.37.0
    Checking futures v0.3.32
   Compiling digest v0.10.7
    Checking lyon_geom v1.0.18
   Compiling thiserror v1.0.69
    Checking unicode-bidi v0.3.18
    Checking unicode-ident v1.0.24
   Compiling cpufeatures v0.2.17
   Compiling same-file v1.0.6
   Compiling walkdir v2.5.0
   Compiling sha2 v0.10.9
    Checking lyon_path v1.0.16
   Compiling proc-macro-crate v3.4.0
    Checking iced_core v0.14.0-dev (https://github.com/pop-os/libcosmic.git#dc3c194f)
   Compiling zvariant_utils v3.3.0
    Checking iced_futures v0.14.0-dev (https://github.com/pop-os/libcosmic.git#dc3c194f)
    Checking skrifa v0.37.0
    Checking event-listener v5.4.1
   Compiling naga v22.1.0
    Checking unic-langid-impl v0.9.6
   Compiling khronos-egl v6.0.0
    Checking yazi v0.2.1
   Compiling ash v0.38.0+1.3.281
    Checking foldhash v0.1.5
   Compiling rustc-hash v2.1.1
    Checking bit-vec v0.7.0
   Compiling smallvec v1.15.1
    Checking zeno v0.3.3
    Checking unicode-width v0.1.14
    Checking termcolor v1.4.1
    Checking sys-locale v0.3.2
    Checking bit-set v0.6.0
    Checking codespan-reporting v0.11.1
   Compiling type-map v0.5.1
    Checking hashbrown v0.15.5
    Checking event-listener-strategy v0.5.4
    Checking unic-langid v0.9.6
   Compiling zvariant_derive v5.9.2
    Checking harfrust v0.5.0
    Checking skrifa v0.40.0
    Checking swash v0.2.6
   Compiling rust-embed-utils v8.11.0
    Checking proc-macro2 v1.0.106
    Checking fontdb v0.23.0
   Compiling wgpu-hal v22.0.0
    Checking futures-lite v2.6.1
    Checking pxfm v0.1.27
    Checking gpu-alloc-types v0.3.0
    Checking spirv v0.3.0+sdk-1.3.268.0
    Checking gpu-descriptor-types v0.2.0
    Checking hexf-parse v0.2.1
   Compiling drm-sys v0.6.1
    Checking ttf-parser v0.21.1
    Checking smol_str v0.3.5
    Checking linebender_resource_handle v0.1.1
   Compiling self_cell v1.2.2
    Checking zune-core v0.5.1
    Checking unicode-xid v0.2.6
    Checking unicode-linebreak v0.1.5
    Checking rangemap v1.7.1
    Checking unicode-segmentation v1.12.0
    Checking zune-jpeg v0.5.12
    Checking cosmic-text v0.17.1 (https://github.com/pop-os/cosmic-text.git#d7dc22dd)
    Checking moxcms v0.7.11
    Checking gpu-descriptor v0.3.2
    Checking gpu-alloc v0.6.0
    Checking quote v1.0.44
   Compiling rust-embed-impl v8.11.0
   Compiling intl-memoizer v0.5.3
   Compiling fluent-langneg v0.13.1
   Compiling intl_pluralrules v7.0.2
   Compiling wgpu-core v22.1.0
    Checking png v0.18.1
   Compiling toml v0.5.11
   Compiling basic-toml v0.1.10
    Checking kurbo v0.11.3
   Compiling tiny-xlib v0.2.4
   Compiling async-io v2.6.0
    Checking wgpu-types v22.0.0
   Compiling uncased v0.9.10
   Compiling drm-fourcc v2.2.0
    Checking mutate_once v0.1.2
   Compiling litrs v1.0.0
    Checking unicode-bidi-mirroring v0.2.0
    Checking unicode-ccc v0.2.0
    Checking profiling v1.0.17
    Checking byteorder-lite v0.1.0
   Compiling log v0.4.29
    Checking linux-raw-sys v0.6.5
    Checking glow v0.13.1
    Checking unicode-properties v0.1.4
    Checking renderdoc-sys v1.1.0
    Checking rustybuzz v0.14.1
   Compiling i18n-config v0.4.8
   Compiling document-features v0.2.12
    Checking image v0.25.9
    Checking kamadak-exif v0.5.5
    Checking svgtypes v0.15.3
   Compiling find-crate v0.6.3
    Checking syn v2.0.116
    Checking fontdb v0.18.0
   Compiling wgpu v22.1.0
    Checking half v2.7.1
   Compiling enumflags2 v0.7.12
    Checking simplecss v0.2.2
    Checking xmlwriter v0.1.0
    Checking data-url v0.3.2
    Checking weezl v0.1.12
    Checking litemap v0.8.1
    Checking color_quant v1.1.0
    Checking async-task v4.7.1
    Checking pico-args v0.5.0
   Compiling endi v1.1.1
    Checking base64 v0.22.1
    Checking ctor-lite v0.1.2
    Checking svg_fmt v0.4.5
    Checking writeable v0.6.2
    Checking imagesize v0.12.0
    Checking unicode-vo v0.1.0
    Checking usvg v0.42.0
    Checking icu_locale_core v2.1.1
   Compiling zvariant v5.9.2
    Checking gif v0.13.3
    Checking iced_graphics v0.14.0-dev (https://github.com/pop-os/libcosmic.git#dc3c194f)
   Compiling i18n-embed-impl v0.8.4
    Checking drm-ffi v0.7.1
    Checking async-channel v2.5.0
    Checking potential_utf v0.1.4
   Compiling softbuffer v0.4.1 (https://github.com/pop-os/softbuffer?tag=cosmic-4.0#a3f77e25)
    Checking zerotrie v0.2.3
    Checking aho-corasick v1.1.4
    Checking rgb v0.8.52
   Compiling proc-macro2-diagnostics v0.10.1
    Checking atomic-waker v1.1.2
   Compiling icu_normalizer_data v2.1.1
    Checking float_next_after v1.0.0
   Compiling icu_properties_data v2.1.2
   Compiling scopeguard v1.2.0
   Compiling strsim v0.11.1
    Checking regex-syntax v0.8.9
   Compiling getrandom v0.4.1
    Checking jpeg-decoder v0.3.2
   Compiling lock_api v0.4.14
    Checking lyon_tessellation v1.0.16
    Checking resvg v0.42.0
   Compiling zbus_names v4.3.1
    Checking piper v0.2.4
    Checking regex-automata v0.4.14
    Checking icu_provider v2.1.1
    Checking icu_collections v2.1.1
    Checking drm v0.11.1
    Checking async-signal v0.2.13
   Compiling phf_shared v0.13.1
    Checking etagere v0.2.15
    Checking async-lock v3.4.2
   Compiling parking_lot_core v0.9.12
    Checking lyon_algorithms v1.0.16
   Compiling thiserror v2.0.18
   Compiling typeid v1.0.3
   Compiling yansi v1.0.1
   Compiling fastrand v2.3.0
    Checking lru v0.12.5
   Compiling phf_generator v0.13.1
    Checking lyon v1.0.16
   Compiling fluent-syntax v0.12.0
    Checking async-process v2.5.0
   Compiling parking_lot v0.12.5
   Compiling zbus_macros v5.13.2
    Checking blocking v1.6.2
    Checking guillotiere v0.6.2
    Checking async-executor v1.14.0
   Compiling rust-embed v8.11.0
    Checking async-broadcast v0.7.2
   Compiling arc-swap v1.8.2
    Checking kurbo v0.10.4
    Checking inotify-sys v0.1.5
    Checking uuid v1.21.0
   Compiling powerfmt v0.2.0
   Compiling fnv v1.0.7
   Compiling zmij v1.0.21
   Compiling ident_case v1.0.1
   Compiling anyhow v1.0.101
   Compiling heck v0.4.1
    Checking option-ext v0.2.0
   Compiling ouroboros_macro v0.18.5
    Checking dirs-sys v0.5.0
   Compiling darling_core v0.21.3
    Checking zbus v5.13.2
    Checking iced_tiny_skia v0.14.0-dev (https://github.com/pop-os/libcosmic.git#dc3c194f)
   Compiling deranged v0.5.6
    Checking inotify v0.11.0
    Checking tempfile v3.25.0
    Checking icu_properties v2.1.2
    Checking icu_normalizer v2.1.1
   Compiling fluent-bundle v0.16.0
   Compiling phf_macros v0.13.1
   Compiling self_cell v0.10.3
    Checking iced_runtime v0.14.0-dev (https://github.com/pop-os/libcosmic.git#dc3c194f)
    Checking iced_glyphon v0.6.0 (https://github.com/pop-os/glyphon.git?tag=iced-0.14-dev#6ef9d12a)
    Checking iced_wgpu v0.14.0-dev (https://github.com/pop-os/libcosmic.git#dc3c194f)
   Compiling fluent-syntax v0.11.1
   Compiling vergen v8.3.2
    Checking memmap2 v0.8.0
    Checking notify-types v2.1.0
   Compiling proc-macro-error-attr2 v2.0.0
    Checking aliasable v0.1.3
   Compiling num_threads v0.1.7
   Compiling time-core v0.1.8
   Compiling num-conv v0.2.0
   Compiling itoa v1.0.17
    Checking xdg v3.0.0
   Compiling serde_json v1.0.149
   Compiling time v0.3.47
   Compiling fluent-bundle v0.15.3
   Compiling proc-macro-error2 v2.0.1
    Checking iced_renderer v0.14.0-dev (https://github.com/pop-os/libcosmic.git#dc3c194f)
    Checking cosmic-settings-daemon v0.1.0 (https://github.com/pop-os/dbus-settings-bindings#0fa672f8)
    Checking ouroboros v0.18.5
    Checking notify v8.2.0
    Checking xkbcommon v0.7.0
    Checking phf v0.13.1
    Checking ron v0.12.0
    Checking idna_adapter v1.2.1
   Compiling fluent v0.17.0
    Checking atomicwrites v0.4.2 (https://github.com/jackpot51/rust-atomicwrites#043ab485)
   Compiling darling_macro v0.21.3
    Checking dirs v6.0.0
   Compiling cosmic-config-derive v1.0.0 (https://github.com/pop-os/libcosmic.git#dc3c194f)
    Checking utf8_iter v1.0.4
    Checking idna v1.1.0
    Checking cosmic-config v1.0.0 (https://github.com/pop-os/libcosmic.git#dc3c194f)
   Compiling darling v0.21.3
    Checking iced_winit v0.14.0-dev (https://github.com/pop-os/libcosmic.git#dc3c194f)
   Compiling i18n-embed v0.16.0
    Checking csscolorparser v0.8.2
    Checking iced_widget v0.14.0-dev (https://github.com/pop-os/libcosmic.git#dc3c194f)
   Compiling fluent v0.16.1
    Checking bstr v1.12.1
    Checking regex v1.12.3
    Checking form_urlencoded v1.2.2
   Compiling nix v0.31.1
    Checking btoi v0.5.0
    Checking is-docker v0.2.0
   Compiling derive_utils v0.15.0
    Checking lazy_static v1.5.0
    Checking grid v1.0.0
    Checking almost v0.2.0
   Compiling libcosmic v1.0.0 (https://github.com/pop-os/libcosmic.git#dc3c194f)
    Checking configparser v3.1.0
   Compiling auto_enums v0.8.7
    Checking cosmic-theme v1.0.0 (https://github.com/pop-os/libcosmic.git#dc3c194f)
    Checking taffy v0.9.2
    Checking locale_config v0.3.0
    Checking is-wsl v0.4.0
    Checking cosmic-freedesktop-icons v0.4.0 (https://github.com/pop-os/freedesktop-icons#7a61a704)
    Checking url v2.5.8
   Compiling i18n-embed-fl v0.10.0
   Compiling i18n-embed v0.15.4
    Checking iced v0.14.0-dev (https://github.com/pop-os/libcosmic.git#dc3c194f)
   Compiling cosmic-ext-fprint v0.3.10 (/app)
   Compiling derive_setters v0.1.9
    Checking css-color v0.2.8
    Checking apply v0.3.0
    Checking pathdiff v0.2.3
    Checking jiff v0.2.20
    Checking open v5.3.3
   Compiling i18n-embed-fl v0.9.4
    Finished `dev` profile [unoptimized + debuginfo] target(s) in 1m 17s
